 
ppn=1
1616655105.150855479
PI  = 3.14159265 
1616655112.841876745
 
1616655112.852363621
PI  = 3.14159265 
1616655120.535968166
 
1616655120.545471929
PI  = 3.14159265 
1616655128.238610299
 
 
ppn=2
1616655190.486691436
PI  = 3.14159265 
1616655202.756931686
 
1616655202.764977436
PI  = 3.14159265 
1616655218.959978208
 
1616655218.970228013
PI  = 3.14159265 
1616655231.268474188
 
 
ppn=4
1616655287.631013988
PI  = 3.14159265 
1616655323.936216848
 
1616655323.942996914
PI  = 3.14159265 
1616655360.205091380
 
1616655360.211832197
PI  = 3.14159265 
1616655394.523093890
 
 
ppn=8
1616655429.790713360
PI  = 3.14159265 
1616655436.324478781
 
1616655436.333839919
PI  = 3.14159265 
1616655443.084494322
 
1616655443.094409725
PI  = 3.14159265 
1616655450.518170583
 
 
ppn=16
1616655526.472789477
PI  = 3.14159265 
1616655535.029593003
 
1616655535.039569488
PI  = 3.14159265 
1616655547.192839107
 
1616655547.203426444
PI  = 3.14159265 
1616655555.832396805
 
 
ppn=32
1616655643.096101994
PI  = 3.14159265 
1616655647.866882962
 
1616655647.876345514
PI  = 3.14159265 
1616655652.776476640
 
1616655652.786476177
PI  = 3.14159265 
1616655657.374840466
 
