 
ppn=1
1616665563.936668779
PI = 3.14150087
1616665593.081161561
 
1616665593.089437150
PI = 3.14151415
1616665622.269971583
 
1616665622.279693569
PI = 3.14160567
1616665651.446000905
 
 
ppn=2
1616665675.044571884
PI = 3.14155057
1616665938.427967533
 
1616665938.437588129
PI = 3.14162139
1616666202.706059389
 
1616666202.715079105
PI = 3.14158016
1616666682.052142868
 
 
ppn=4
1616667361.650751264
PI = 3.14158905
1616667515.305765800
 
1616667515.312784686
PI = 3.14152603
1616667677.111082752
 
1616667677.121763718
PI = 3.14150011
1616667837.016616677
 
 
ppn=8
1616667866.883860541
PI = 3.14152510
1616668258.098544312
 
1616668258.107027412
PI = 3.14173570
1616668641.377130038
 
1616668641.387596971
PI = 3.14170284
1616668925.586782992
 
 
ppn=16
1616669198.184885839
PI = 3.14156070
1616669558.326605334
 
1616669558.336668892
PI = 3.14163202
1616669935.050163062
 
1616669935.060052762
PI = 3.14157079
1616670313.796878198
 
 
ppn=32
1616671444.525983219
PI = 3.14170041
1616671770.550598267
 
1616671770.560402591
PI = 3.14162449
1616672102.629113035
 
1616672102.638568655
PI = 3.14160957
1616672423.231542778
 
