 
ppn=1
1616663652.516541952
PI = 3.14159265
1616663656.548938066
 
1616663656.558921232
PI = 3.14159265
1616663660.583134655
 
1616663660.592927009
PI = 3.14159265
1616663664.620329610
 
 
ppn=2
1616663689.507757662
PI = 3.14159265
1616663701.035682873
 
1616663701.046025583
PI = 3.14159265
1616663712.993025284
 
1616663713.000965125
PI = 3.14159265
1616663719.592415889
 
 
ppn=4
1616663743.499624766
PI = 3.14159265
1616663774.154403531
 
1616663774.164863538
PI = 3.14159265
1616663784.432654905
 
1616663784.440704615
PI = 3.14159265
1616663818.838012268
 
 
ppn=8
1616663842.948957480
PI = 3.14159265
1616663848.927333772
 
1616663848.936969544
PI = 3.14159265
1616663852.438075706
 
1616663852.445040991
PI = 3.14159265
1616663857.243754820
 
 
ppn=16
1616663895.452884167
PI = 3.14159265
1616663908.046426497
 
1616663908.056596844
PI = 3.14159265
1616663920.509592361
 
1616663920.518178645
PI = 3.14159265
1616663931.649669381
 
 
ppn=32
1616663968.495347602
PI = 3.14159265
1616663970.232866607
 
1616663970.241229497
PI = 3.14159265
1616663973.507985395
 
1616663973.514982205
PI = 3.14159265
1616663976.623973046
 
